TN:
SF:/home/kautz/Documents/projetos/python_challenges/Python_Challenges/main.py
DA:1,1,NW1mQmllQ6PY1cL7HiJ/6w
DA:2,1,xexAKyQrgSySxd7JorPXWg
DA:4,0,DB3dv4zOduZxcozzaU1/4Q
DA:6,0,iM7wUpeYccOREeXt3aL6kw
DA:9,0,cBPfnceOxX6VnzMWASJYmg
DA:10,0,PU+7SuyTtgEG0DbNWLG/zQ
DA:11,0,sQ76W7+CmOMkI7Rpsy8mbg
LF:7
LH:2
end_of_record
TN:
SF:__init__.py
DA:0,1,1B2M2Y8AsgTpgAmY7PhCfg
LF:0
LH:0
end_of_record
TN:
SF:maths.py
DA:1,1,PZdQFSb3eGIrIEnSh/90BQ
DA:3,1,qsr4+tRB9sdF7NSir4YoIQ
DA:6,0,+jyqUsTO5+IVwAtzs+iUnQ
DA:9,0,PMxciyKFmXPl7OunBQ13iA
DA:10,0,lCVhdULdJ2BRmO/b1vYI7w
DA:12,0,AHfB3EacCHFyPfTvAkkydA
DA:14,0,KVg/pqJ/2TTpKEqY0XVJyA
DA:15,0,Crw3bGDZOAHBTXfVewMk4w
DA:16,0,NPLEi9RZ1DuVGnKfzyPi2w
DA:19,0,wLAnATtkZ2baCgZWrA2ecQ
DA:22,0,RJp/6jTIWGo75zmnIeM84w
DA:25,0,ntokWNGCQ+m3PlcpYlrV4w
DA:27,0,jNR6YzUJgS5z+G06ZTWvJQ
DA:28,0,ipRW/wFkyiaqhT9O6LtMHw
DA:29,0,keiGzG9jLWxJpQYeoqroVw
DA:32,0,wLAnATtkZ2baCgZWrA2ecQ
DA:35,0,RJp/6jTIWGo75zmnIeM84w
DA:38,0,jWHLw7KZqrg9lvrb+rVhEw
DA:40,0,MGWaPca79X7PEN2Yfoqvow
DA:41,0,LYRrGNCAhgSGSEFlTh2Nbw
DA:56,0,CWsuVaUMZqRxhX06WKzBdQ
DA:59,0,wLAnATtkZ2baCgZWrA2ecQ
DA:62,0,RJp/6jTIWGo75zmnIeM84w
DA:65,0,MPZlYBYwFIvC7KNU1wXXdQ
DA:67,0,MGWaPca79X7PEN2Yfoqvow
DA:68,0,LYRrGNCAhgSGSEFlTh2Nbw
DA:93,0,pYDPa0BBEr6FMiuuUuT4ng
DA:96,0,wLAnATtkZ2baCgZWrA2ecQ
DA:99,0,RJp/6jTIWGo75zmnIeM84w
DA:102,0,Ff1m2jyC4U4mJ14Wp2uNxg
DA:104,0,Z/hbfxz8VCtQeqMmGmADZQ
DA:105,0,kzrUXIXg7Li8vyHoO8lUaA
DA:106,0,iIaqU5ecZUCiJZ2DYm1saA
DA:109,0,wLAnATtkZ2baCgZWrA2ecQ
DA:112,0,RJp/6jTIWGo75zmnIeM84w
DA:115,0,YxhKTwqMgcl4uDZRbu+nbw
DA:117,0,UbT2c5WUCX1AD0InotGLPg
DA:118,0,fx3oXEBxucPC0+zwlmrJgQ
DA:119,0,5P4pSeVNKg2tsBdghcKI+Q
DA:122,0,wLAnATtkZ2baCgZWrA2ecQ
DA:125,0,RJp/6jTIWGo75zmnIeM84w
DA:128,0,LVOU8mOUeOxKjsYPyCx0TQ
DA:130,0,Z/hbfxz8VCtQeqMmGmADZQ
DA:131,0,Uoit0iyiLys4v09l3Sy6vw
DA:132,0,B9OVlGyEErrfw+5ruKml3w
DA:135,0,wLAnATtkZ2baCgZWrA2ecQ
DA:138,0,RJp/6jTIWGo75zmnIeM84w
DA:141,0,jM3Ni2hY/W4ZOJnBZrakYQ
DA:143,0,/zi0SAW2DQGgyLzklCJ5vw
DA:144,0,JoYyPAUPXROJSMn8BTFwaA
DA:145,0,B9OVlGyEErrfw+5ruKml3w
DA:148,0,wLAnATtkZ2baCgZWrA2ecQ
DA:151,0,RJp/6jTIWGo75zmnIeM84w
DA:154,0,l1mKi1aAMOCIDYZKB8taFw
DA:156,0,Z/hbfxz8VCtQeqMmGmADZQ
DA:157,0,fEAdH2GCbx+LdFleb8zRnw
DA:158,0,hACnWeqvvcG36V+xBxbjYw
DA:161,0,wLAnATtkZ2baCgZWrA2ecQ
DA:164,0,RJp/6jTIWGo75zmnIeM84w
DA:167,0,I87QMryCfS0/8r2A5Xvhxw
DA:169,0,/zi0SAW2DQGgyLzklCJ5vw
DA:170,0,JoYyPAUPXROJSMn8BTFwaA
DA:171,0,hACnWeqvvcG36V+xBxbjYw
DA:174,0,wLAnATtkZ2baCgZWrA2ecQ
DA:177,0,RJp/6jTIWGo75zmnIeM84w
DA:180,0,ZqlXj+sQTyla9I0FCRUWWg
DA:182,0,/zi0SAW2DQGgyLzklCJ5vw
DA:183,0,VwPCoX/8EfuvswSGCAtknw
DA:184,0,zYq2RaInauvtXdpZ9QzOfw
DA:187,0,wLAnATtkZ2baCgZWrA2ecQ
DA:190,0,RJp/6jTIWGo75zmnIeM84w
LF:71
LH:2
end_of_record
TN:
SF:/snap/pycharm-professional/401/plugins/python/helpers/pycharm/_jb_pytest_runner.py
DA:69,1,035p+9AIihNY0ksODyvxrQ
DA:71,1,vdTKHCSlmyiZRS8IG9HxmA
DA:5,0,6EqVyswJtxIE+9LVqyxOlA
DA:6,0,mUDsnWRiqW9R9nTILGKIZg
DA:7,0,oJqqzlxozPa3P8LD/KYkug
DA:8,0,uqQzsyLE2snBclOsmsd0qA
DA:10,0,2ioEpnnOFkbLaEuKx+SF2A
DA:11,0,xe1ZyIe1SoCbDrAUMixCcA
DA:13,0,mw9o1Fd+dCDI90XVml5CZQ
DA:14,0,O0NybTYLnL66LEam0Wx95w
DA:15,0,PU+sk0TT7oS1luC5aK4mCQ
DA:17,0,iNR0UOc3XXnLltCsuczKtg
DA:20,0,5u+3w47H0m2VGjohg+sa5A
DA:21,0,7Z9Lj4ed27Wf2hBX6jooEA
DA:23,0,oTLUett/EJCoJ4Gp6hAr1A
DA:25,0,GJxH+WV1kSxF44VKgQhvhA
DA:27,0,QK4Wk9mWzlPoVE0y85QciA
DA:30,0,PCd+tTkojc+/9k3Gg2wfWw
DA:31,0,ZBJ5UNifJdhj0Yj5YEP1IA
DA:32,0,+mJPYVtaUTgZHbsQ1hfZDQ
DA:35,0,WJNzQQGXMJtNWs9a+V6ogg
DA:37,0,+GKzpGlnISpVfsKBes1cug
DA:40,0,tZvDTSwpfpbOCvRj+dNceA
DA:43,0,g1Vwn9H6QVjyHA7nqrnmHw
DA:44,0,ofCYha3zoLd7c82kOPWSKg
DA:48,0,0oNSoiNewxZ1ko3P9c6GJw
DA:49,0,vHB0xgLAlmhDJMq20H7WnQ
DA:50,0,0U/pTIRE9z5BlR5BXCAJgg
DA:51,0,QEpN2MNEflXe6IJmQvg29g
DA:53,0,4IM7gzMg+x4EaepsnIg8Og
DA:54,0,NawysgMO/2qLmAnnqHuZMw
DA:55,0,v4l5nilcJek525dAqoEUNw
DA:56,0,9ryd/IhCb7a8iPcQidfoQg
DA:57,0,z3XyH5H92CeDNbCVpNr9CQ
DA:59,0,kqgTOK8S8ro2LWPyxwAltQ
DA:60,0,UJH8v34LeMK20pgwNkIWbw
DA:63,0,01G2E2FKsNIRjrIAz3Gr/Q
DA:66,0,4l/ZCfwWkxQm9LGv2M+3BQ
DA:67,0,+MCwTm2jqNRRUCIW9/etjQ
DA:68,0,whE4A4sw2B5fV7FXv2yImQ
DA:70,0,y1qCVXvT7yM+NNKVWcpJJw
DA:73,0,bgfA/XFgP5FSYnzX2ApLYA
DA:74,0,B/Fo9U4/nMeRNS1JjGZVyQ
DA:75,0,wGdu3yvmx31BH1X/p2/OIg
DA:77,0,GIqAxfVp3aszwsWq9kLLbw
LF:45
LH:2
end_of_record
TN:
SF:/snap/pycharm-professional/401/plugins/python/helpers/pycharm/_jb_runner_tools.py
DA:36,1,pUpZTUJqK6RCs1gHzWwm9g
DA:37,1,z5z/ggiOo0drviiIf88tIw
DA:38,1,0hX5ZM0qfE5wUt3sr+4YbA
DA:51,1,p6zjFbTgbpJImkUxypiqew
DA:52,1,/HAi33+dzqETsg+LYkCxjw
DA:53,1,2SXlsbh6uFFDrsvZ8gqDFQ
DA:56,1,ksYPp5jCLAopqvV2N8b3dQ
DA:60,1,GS0Q9pHbztSUKMjGOeBVBA
DA:61,1,XvwOh8rDbMhqm7OOYvsppA
DA:72,1,BUDYqqC9kf5mOtwy8XKgxw
DA:88,1,k2EIsH/1YptLurNIuiwlVQ
DA:89,1,b3UXw8vN+oU2IH0KcOnK3Q
DA:92,1,x5PRXFpASdYERNypFFxBsg
DA:93,1,bI71ypU0YqxZJMrwPXz4pA
DA:94,1,8El/fHqyFxQyV+7Dp/hILg
DA:95,1,MnzpXe1veqpfA7nIMRo0OA
DA:97,1,MAi7KtAnJwRoO+PZ5J1fvg
DA:98,1,xjcDBnSwra0OiNOAYAwoHA
DA:103,1,kXUNur6m90bdW8B0N0o7Ew
DA:104,1,WHsAJ8N1TnkpI0siVh5RDw
DA:105,1,fVAnsZDr67Y3tFVj+BFEig
DA:107,1,hi4czR414yrJ5XZUIw5P6g
DA:115,1,r5otc8dyKdxrRX2SJAuwkw
DA:116,1,YiR2BDpLk5uivqyUywA+bA
DA:119,1,xjcDBnSwra0OiNOAYAwoHA
DA:120,1,yzDMJpJ0Y4j8qBmLvF37bQ
DA:124,1,GWweH1VzixWZbAP2dYgFQA
DA:125,1,O4mbSfVab5zQPMuZenxVGw
DA:127,1,V4UZn2K7TCY36ojN6LfBrA
DA:128,1,3QPMjyF/bCW4zahGVFmnag
DA:129,1,3XmX5B94Daw2yJ4LB5DAMw
DA:130,1,uNEa8ZWe0k89NRRJSobTFw
DA:137,1,TPP0LHnFPJGNLIryZkKnCg
DA:138,1,H95GJtWQAVHDQZ+nCs/K2A
DA:139,1,Mipa2tIZE0SxhwhEoQIHxQ
DA:140,1,mxhnEABHBAHethxmJqI6Kg
DA:141,1,cPa3dAsIk+eSRfSpgwNsyg
DA:183,1,GPJP3Ww6Z++FsSfYvWie6w
DA:184,1,bgFd69RSzjU8nA6INX4Qug
DA:186,1,mesHB+31MEehzmiM3IHX2Q
DA:188,1,RpIQFTQGvZNdUiN7jnXvRw
DA:189,1,cZXgz+vQ4Mh0x5EOx6ibHQ
DA:190,1,Ce1HoZXVdo2K1EI38VYCyw
DA:192,1,UpwhXmhUrMR6ZPf+sIY6wA
DA:194,1,x7cYuOFasCcOgPKWXRgMBQ
DA:195,1,dIlmQNLkAKvyBbBPBqA5cw
DA:196,1,io3YWDnHQX8XtTiTbiP/Jg
DA:197,1,opMEJPPgM0OT9uAumeWkYQ
DA:200,1,MCQlMwboLEhKg80JI459eA
DA:201,1,wmZML3LCffkyNzFaPlQqXg
DA:204,1,fgwsouk7w4jbuzgkOza6cA
DA:205,1,WPMM7dYWi6P2Hu1lEMp6zQ
DA:207,1,YdQfsOm2cUUIvnDEUKhSuA
DA:209,1,SPz6C9EtrTZeMMhoAmdc+Q
DA:210,1,ulRJdiIHfIqlEinWAYA6rQ
DA:212,1,rEtywyYU/O65GzlX4ltx5Q
DA:215,1,R9d9Cy7+KoYYcDytl5nQzA
DA:221,1,cZXgz+vQ4Mh0x5EOx6ibHQ
DA:227,1,RFbIDr1sodJrl68poMvzWQ
DA:228,1,lVKVY2MPRTZWDC9qxXcewA
DA:230,1,el3178YZ2Uqbizm8bHSTYA
DA:232,1,dIlmQNLkAKvyBbBPBqA5cw
DA:241,1,iqvZCIUHQoVm8LYh1u9YgA
DA:242,1,4y+ix23ciXBhh5gmvP3lqA
DA:244,1,S8p2sFzSb9nlgdxG44qqRA
DA:245,1,RVOWNY6+8uBWP42VCeyHfA
DA:339,1,F7yyNRDOAScMGjLXWxGXCA
DA:340,1,uc7SWwuNRuoon+hUfbzYHw
DA:5,0,7Z9Lj4ed27Wf2hBX6jooEA
DA:6,0,p7hNY1S5rX9QtYADf+cK4g
DA:7,0,mUDsnWRiqW9R9nTILGKIZg
DA:8,0,DuC1T5Hn8k+0QEqZ7aP8Aw
DA:10,0,jfZsZ20cEdAJoJfG9U5UIQ
DA:11,0,k7Q/Wt9uf6fQEcMATO338w
DA:14,0,2jubUtjf7pjnaX0zFPrXHw
DA:15,0,t+mvc3SxU9W4y40xLxeJ9g
DA:20,0,g9f2hlAciEgdIrLgSDUXDw
DA:22,0,ZBS2qvIHk0QgigHeN/mtYg
DA:25,0,7ZSOKJXXo6/mGNBs6oKOeQ
DA:40,0,GcGzuvZcZg0cP3M9bUqqbg
DA:43,0,JyYr/fL9hYMw59Dl2ND4oQ
DA:44,0,gFdnwIzxJ64X+nD2UauP7A
DA:45,0,WNTRHgeQWYzx6peORsq2JA
DA:46,0,cgY/+l9DxgAlOkZrDSzZGQ
DA:47,0,zdSXIm0gCVagJVWfWrVT+g
DA:49,0,HmADa1g/W1C2Vo9Wm4sNNA
DA:50,0,YvqRby7O13KOMhoOsNWvlg
DA:55,0,m7EkaTq6yvIdXcLyDLAg+Q
DA:57,0,jl4cQABXqrPs3GxV5AmTaA
DA:58,0,N8S1ZdpaAsVc7DHjYpShfg
DA:64,0,U/7koDrTfjXXEJGT8/8Wgg
DA:67,0,PzkXyD/lRGQUiOUAHPR/ow
DA:68,0,UlGhpa8uqb2l9F/nXoEAdg
DA:71,0,0eLckAlrdN5lChRQ/DFunw
DA:76,0,IlKH9vkuZsJRX3xyMEK27Q
DA:78,0,Wr+yWthJNnjlV+uPwrJshA
DA:81,0,KhEme9C+wQn4wow/VCzDnQ
DA:82,0,56/Cwd2Qcm1V9Lscx/XRag
DA:84,0,idw3eDIMq9SjUKQduskCxg
DA:85,0,k5PxjsClZKMvmMzSa2QjsA
DA:87,0,uGUl/8ln5/u2N7ovgzVIXQ
DA:91,0,Sg2nyGyGlB/F89gt+8cOaA
DA:106,0,YUo7NljxtJYhZGRt0BEivA
DA:109,0,Iyc7OFdUwu47XssfhAqplw
DA:112,0,la0zi1UVZDpVe7uXKk7O9A
DA:113,0,MnzpXe1veqpfA7nIMRo0OA
DA:117,0,MnzpXe1veqpfA7nIMRo0OA
DA:121,0,eDv4sdo0P607swGYhjlu+g
DA:122,0,B+ZJQ8zBxPMiDZhsnR0Fag
DA:132,0,y0Trdn/SUbzZQo/YDBWMMQ
DA:143,0,qNn6hvZIl5oeufSLIm1tYA
DA:148,0,xjcDBnSwra0OiNOAYAwoHA
DA:149,0,uGYUCWRC9VGCgjp1yp+9OA
DA:150,0,Iyc7OFdUwu47XssfhAqplw
DA:151,0,41+LqPMFhsZxajWFI9ba1w
DA:159,0,9ZcEDtgNLe+js6QX6dVNSQ
DA:162,0,xjcDBnSwra0OiNOAYAwoHA
DA:163,0,Tt8T+LX5PUSUJvnEdodOGw
DA:164,0,LyRYBTs0Ub+zqAZx1q+cHA
DA:165,0,TulZRDVyZgwaluSyPp9m8w
DA:166,0,MnzpXe1veqpfA7nIMRo0OA
DA:169,0,9Ip7BJ2EkIidGXA9L3Jxaw
DA:170,0,R5R1o7F7LUVjeGYtDDwHLg
DA:171,0,MAnAEg3eWuD86zMxmuOiow
DA:172,0,TtuAVC1XlmDWhpyeZy1x5w
DA:173,0,a3oY2Id9xeWKfO+NRFFHxg
DA:175,0,SUISkyZD4syOdLklh194cg
DA:176,0,ernvJtwN6LTOD/tr2c7v7A
DA:178,0,KeAm/guMLcehgKUXyoWgOQ
DA:179,0,eCzr+Q1xsjNsYzGazqJXhw
DA:180,0,yEftW0U9w3vGgAfXMEvLlQ
DA:182,0,dL6bFKtqOU2TozPNHyxbgQ
DA:199,0,nuswkeDeVpYk1KRkfNGUkQ
DA:203,0,Vs2USCwJYJRSua62c5eQSA
DA:211,0,LyRYBTs0Ub+zqAZx1q+cHA
DA:216,0,MnLarEt1pZkhnGxW2NOK9A
DA:219,0,lVF0+Mhy2QQIfm7TPwtu9w
DA:222,0,lVKVY2MPRTZWDC9qxXcewA
DA:223,0,Pdzl+MUJoW4DaL6LrnjSnQ
DA:224,0,6xpY8pP+UExd8P/Zf4vFBQ
DA:225,0,2nIKyrIRfRqFO1ptHFA5vA
DA:233,0,io3YWDnHQX8XtTiTbiP/Jg
DA:234,0,AA/diPIj7DD+2TE1HFT/AA
DA:236,0,l1KEYInglTWB+iAXEblsMw
DA:247,0,lnrjK3iGmXwGRRrBGzrzzA
DA:249,0,aI1GSNHedhBIXftn3jIVGQ
DA:250,0,o9kO3dgAD/yPQhTp9qz+yQ
DA:251,0,ja0A/fhvXDkn4e/lmy5btg
DA:252,0,OMRfunoHuqAlsW/btQm5wA
DA:253,0,zATVczgvBfK+9t8m9iufzg
DA:254,0,snUSO07s4ag2FGJGzp6FAA
DA:256,0,axUxW1/iSR4GjouV9QL6bg
DA:258,0,IMwvjDmeFUai06cgVPuDwQ
DA:261,0,zt+7cw211YcmqlxqJ9DJ8w
DA:262,0,n7qEVhs6u8SJKShhqgr4hg
DA:267,0,no8ZGVxr7gFRUdwndXzIvg
DA:270,0,Z0dEj8JplbNDhIVdK59Byw
DA:275,0,0793nqtESkxIkrhpkJ/aBg
DA:287,0,03GBqKJeGEqyJPPh7ikv1Q
DA:288,0,/8OSaRsMmJp+uF82kF50RQ
DA:290,0,ubKCJBoPfWch8LjQADWB+A
DA:292,0,aOciDD1WXhUGVfLbdogiPA
DA:293,0,XfdFBNtILqpxeZDk7Wx0ZQ
DA:294,0,MD60b7T7i5Khn2bhvx9FdA
DA:295,0,VLN/gKYxwVA+asoWmvJ6DA
DA:296,0,X/9vNoBvukQJtrD++DvLBg
DA:297,0,MYauPUTAWdGOenkD59vaAQ
DA:298,0,6isX6pHQZE7HGl9po51IvQ
DA:299,0,JggWdqj84848Id4r8o/New
DA:301,0,omczXRnsy2d5Xiiiunx2Bg
DA:303,0,7TJ4WiW+VlE7GjmmcwZY4A
DA:306,0,2VHJoFpHkpaYWrsok0wcKw
DA:317,0,CSy3pPK5IWhtT3kWE+GZ3A
DA:320,0,5PjZXU5MZiUgV2two7GPzg
DA:324,0,ZBJ5UNifJdhj0Yj5YEP1IA
DA:325,0,HieZ2qO4eOFIXxhCbg/06g
DA:326,0,kwMkWDKswPA0cdQM1ojMNw
DA:329,0,DcGU2QpHq3zGXW5oRSzoTA
DA:331,0,iUy+wu67C/MJ9SIcmfTB8Q
DA:334,0,dfHR/eTDSLpmiNf/U7qT5w
DA:335,0,oPQ/+yk7b+hrX7wbakLN5Q
DA:338,0,A/4oMQ1sYBeMz8vVG7yOsA
DA:343,0,BcK6Yw2XRQW833IwsA9RFw
DA:351,0,eBymrCNnQqfvy2Dx5JUz2g
DA:352,0,B/Fo9U4/nMeRNS1JjGZVyQ
DA:353,0,5maSWCNWBeQ4KOWqVBm9/g
DA:354,0,5jPLCeWYOYRtbu5eNNA2rw
DA:355,0,9MY4huJyJNJmsYudYjEoVg
DA:356,0,zXAfORIKxReF1HcBtup/aQ
DA:357,0,wWvyVCzDRWfTVXhFZNNl1w
DA:358,0,82E1rK6A2w6UQVRynhqTxw
DA:359,0,AVZAgA6zyshrRv/t4YwSFA
DA:363,0,cmW/h+GzIhV/ZdyD90ZLQg
DA:367,0,B/Fo9U4/nMeRNS1JjGZVyQ
DA:368,0,i9D9E95T5Ftt/iKDeVN61w
DA:370,0,LrO8ZfY/NosJdSB0xV4O/A
DA:371,0,sMarFFcNK8mHotmB+UrhOA
DA:372,0,p/QmTDaAbSn+XWgYP5aIZA
DA:373,0,AWyISWGZaOWfOcXtAAE/Zg
DA:374,0,wWvyVCzDRWfTVXhFZNNl1w
DA:375,0,WDA5661oLmmPahwlYEyANg
DA:376,0,dqXLlGeafro2jtvk0JqJmg
DA:379,0,aNm0FRTovtX9A41XY6ZjVQ
DA:384,0,MmDMhnxdv9jqIfRJnmn9PQ
LF:204
LH:68
end_of_record
TN:
SF:/snap/pycharm-professional/401/plugins/python/helpers/pycharm/_jb_serial_tree_manager.py
DA:4,1,+V5oa4WE3GL4REFetASfLg
DA:5,1,/ZvqiDY7XVzMiSFdpC6ZCg
DA:9,1,jQJDmhY7PgYYzhNZGm4xTg
DA:10,1,4pF+LbjYLLAL0FQuHBCHgg
DA:12,1,SzIblaSrTRoQ0LCOYcyESA
DA:14,1,J08pB3ntVVRXHhzFBejsvA
DA:16,1,CE5kwwbCM9braas+cYRAEQ
DA:17,1,01yxeK2PZgZj1eHE9j8xnw
DA:19,1,v+ral8M1ThnQW+F5bxT8pA
DA:25,1,ztJcdxMeq/nnGCgQQJGjqA
DA:26,1,hs05FEcgigw60TFJcKJ+JQ
DA:28,1,fRQAeEAaJ+NxfmV+U9vsDQ
DA:29,1,idqEWhmS7L455lK+1yibtw
DA:31,1,+xKu/Xy8QMb4VwUmS8MKvw
DA:32,1,q4nZLYY/CTa3Imyq34GpIA
DA:39,1,4OOyBu/EEFUHZwEHz6/iBw
DA:43,1,0X5t/piCLceynfBO+Naq9g
DA:44,1,9CUa9HSrdk+e2GqdBqq2jQ
DA:45,1,/ZJ5NBc7MgMx8tnyk+6s4Q
DA:47,1,4zOFTKWN6owLhR6a5683jQ
DA:56,1,zzb2VtAyH/lkzObo0q85xw
DA:57,1,tdpKSiRXFR1Zmsr+PX7ikA
DA:59,1,QU/u/zfyrxt2fIGqWajFkQ
DA:61,1,z6N8b4MSaJ3yIRF3kls4Xg
DA:62,1,mZ0waL7Yl32t1Wzoq9VeuQ
DA:63,1,PfULdTb9hnJuDvXAq3+Mrw
DA:64,1,MvRvPGxXR1XzElXxrIVElA
DA:67,1,CNySHQN/K0pkr+xpOLZdbw
DA:78,1,aG55zW5nGNs8d9VOujA/9g
DA:84,1,zzb2VtAyH/lkzObo0q85xw
DA:85,1,tdpKSiRXFR1Zmsr+PX7ikA
DA:87,1,EiXBUSUUKfcCdMU8K72pRg
DA:88,1,vdyiqRMS3DBay3Sr6wnEdQ
DA:89,1,QU/u/zfyrxt2fIGqWajFkQ
DA:92,1,kgOjelwRlYs4tQysiiCQ5A
DA:94,1,9HInjpAqwTqG3qSAg71ctA
DA:97,1,HmADa1g/W1C2Vo9Wm4sNNA
DA:98,1,hDPfgAzuQg5TBuxvBTyUCQ
DA:99,1,L03v16wOtWO/dEgsggXrUw
DA:101,1,gMGGImjPKGCnZo0E8bOr4A
DA:102,1,MWe0koiluRNx/3HSUGpC3g
DA:106,1,JLqKr++LQe8HoZ7PzF72Ag
DA:111,1,LC6C+TDuAaF7lvSZ4v0JdA
DA:112,1,8vJlVlN+skOtzGBfkUzOng
DA:113,1,1Pf5xs1LExKRYHgAB9j1CA
DA:34,0,AK+bhiZyq9KvXqUi/vg3PA
DA:35,0,6flbqVzxSZQOyaBEc/U+og
DA:37,0,50NjKGfo59zR/OVwL0XMGQ
DA:58,0,rQLn2FB+tOhMIbYbGmmujw
DA:68,0,sO5NxRZ3DCGOAdvy8ex96A
DA:69,0,sTYVc1GK7vN5fWX4beStNA
DA:71,0,MC+RHx6ApwFRN3t36/6f9g
DA:73,0,MvRvPGxXR1XzElXxrIVElA
DA:74,0,9HInjpAqwTqG3qSAg71ctA
DA:76,0,B+ZJQ8zBxPMiDZhsnR0Fag
DA:90,0,Dwjd91USmMoWKfkSCVg/jg
DA:93,0,B+ZJQ8zBxPMiDZhsnR0Fag
DA:95,0,DSEdl9hhPhkeJpNmtjmKsg
LF:57
LH:44
end_of_record
TN:
SF:/snap/pycharm-professional/401/plugins/python/helpers/pycharm/teamcity/__init__.py
DA:12,1,guGFlOVh+jx+aueU5bmxRw
DA:2,0,7Z9Lj4ed27Wf2hBX6jooEA
DA:4,0,LWJQvEixUBo2jGi5HqWInw
DA:6,0,3NlJEbGTw8gxp3ZcFSqrpw
DA:8,0,JSL+mBfZBAgXbgCbhPqVqA
DA:11,0,j3nEVXADEnokZW4LgO1+Vg
LF:6
LH:1
end_of_record
TN:
SF:/snap/pycharm-professional/401/plugins/python/helpers/pycharm/teamcity/jb_local_exc_store.py
DA:1,1,zyZgoM+E8Ui7MCtwqiF+Nw
DA:3,1,hAwZZ/+KBPVNQldA5xwmgg
DA:6,1,x89zC1MwueMzUxRViSSOkg
DA:10,1,XS2gSimBLugZBEatEqHOew
DA:11,1,B/Fo9U4/nMeRNS1JjGZVyQ
DA:12,1,aBmAJSFOTioHU8DEViiRlw
DA:15,1,W7gQKZE150AQEaXFQIudGg
DA:16,1,apkQQtiiE4JOuDIBvLOUjQ
DA:7,0,5wcBRMNLPmtxyh7Rze0zmg
DA:13,0,9rtLytQ2ta1RqIhlpPiHqQ
DA:14,0,tC1+bDBxh7VMzukya3oe2Q
LF:11
LH:8
end_of_record
TN:
SF:/snap/pycharm-professional/401/plugins/python/helpers/pycharm/teamcity/messages.py
DA:25,1,44j6Ie/X+3M38d/IYQx5wg
DA:30,1,/WWtUpvzNGAKePU3gY4k2w
DA:31,1,sed8xWK+SgJYxEAg7JYV/Q
DA:32,1,eKFZqCnhiTpQIZ0j0jrV6Q
DA:33,1,FI3Uf7/WSjSy4vugWPDo9w
DA:34,1,xvWIcpcyNr0gyGcTkdMxXw
DA:35,1,LV9J0+Ta1DHyxsjekQwepg
DA:43,1,O2GM3s3lWdqtWRuKK+15Ow
DA:48,1,5i2w/SLx39AOyt1yY02ccQ
DA:49,1,fZ6BIx9OCDKLne3NcR+X2g
DA:50,1,XqBQswhwuuBvIaeZ6JBWCQ
DA:53,1,3WSLNZ1r9cnvNKQ3TkYTtg
DA:54,1,v8ufOr84JKx5gjjwznoz9A
DA:56,1,uIURu+mmDwo34MFhidzL+w
DA:58,1,GzoXQyz3foRqbQQa9KSoIQ
DA:62,1,bm4fnzT0DQEi/BZ9c6FlXg
DA:67,1,VBal3P2EIHO//+ur/AmWpg
DA:68,1,TfympSua7jTP7XUCivXOXg
DA:69,1,BorTe+0HQpcr3zDD5zth5A
DA:72,1,Q3E6sXY/ImEuYS1Fd9wAjQ
DA:74,1,BorTe+0HQpcr3zDD5zth5A
DA:81,1,DexorTP8EJ38qDrKh9PvcA
DA:84,1,TiWAw9pf8D8/dYC6lLbetw
DA:85,1,6pq6z89s3aGVZ77iQEcesQ
DA:86,1,Vt/8iZ8r7opplzNgeo0GPw
DA:88,1,RK2ThK4OWHedl/i543Zy3g
DA:89,1,kc7Cg1RZLlT/ZF64bVddrA
DA:91,1,hODGAP23CQe7d0DOLi8cQg
DA:92,1,3MEYJVOJ0u+Qknjvw+PIWQ
DA:93,1,9z9hf6+NL8rtbsgS1ZxGcQ
DA:94,1,HRmYgrUgQRrlHMAQ7gWdXQ
DA:96,1,KHrfXJIq3iZg9yBsiM08tg
DA:98,1,twaS7wGEUKZ2Xie46WqMEg
DA:101,1,xccU1X34hUCWL8j/py1urg
DA:102,1,aZD826HVO7M6t5dK9atuKw
DA:167,1,IyCcYX6x/iV5QefxGY3Q/g
DA:173,1,VkeZ79dL5yKE8X+qMpOXLg
DA:174,1,ojJH2UVav9ani1z1h36iIg
DA:2,0,hShnGf6SZdvV1LEbSpITgw
DA:3,0,YUHXj84Dc4NbF8zAXmnlLg
DA:4,0,mUDsnWRiqW9R9nTILGKIZg
DA:5,0,4KXOIu0EzlFAqlH6QJ+whA
DA:8,0,DgZimo5UMrAS5L+mMj+K/Q
DA:11,0,83kX8AEtbWKWTkT6OZwT7g
DA:14,0,v7zG68uJruWBuFfn/RZKUA
DA:17,0,JUB0AxeU+6Ap+LK+KHwxJw
DA:18,0,oCMfTokoMbxf6rMwBpYU8Q
DA:19,0,KrED8L64Tl4ddhUb5rCi8g
DA:21,0,3G01ZeMUx4IcuxJE/i2flQ
DA:24,0,a982olXJ4orljxPSHXOETQ
DA:28,0,NTrhiz+7EXPnr30fHwIUFA
DA:36,0,YTUnBLEnlirAYTjjFWMwrw
DA:37,0,FKBni+PZIlDcZuAZCXsBzw
DA:38,0,Rrkz/Jrrn1dFixxE7fz6ag
DA:40,0,d48EetdlzGMbnAGdKQzOeQ
DA:41,0,Rrkz/Jrrn1dFixxE7fz6ag
DA:42,0,ae8hbHW+gvrdSfi0w9Q2dQ
DA:46,0,Cza194o3EBKbDLF2jqsVeg
DA:47,0,EeF5Z0Z/dzI0XuXWc3fTZA
DA:51,0,Oe1OAsWnx1/2JU+Sb8nweA
DA:57,0,xdyRiPL2K6RqkYrtcJYQ9A
DA:64,0,zcliOSiSNXvXzXJSpX/3/Q
DA:66,0,OUgf8oynbZls78mIT/v58Q
DA:71,0,yvzwfors5du/LwbY+4fgVA
DA:73,0,zga5F5igTSQaihYyp2Kw9Q
DA:76,0,ON5cLJg+D+O5MLEysQwBfg
DA:77,0,rKgdgAWzHUwRchbl9UTong
DA:78,0,hQA69DvwW/wWrRPZXO1CHQ
DA:80,0,rKgdgAWzHUwRchbl9UTong
DA:83,0,Sg2nyGyGlB/F89gt+8cOaA
DA:104,0,q+YA8kOzC4Z0vpZ8Kzh1/A
DA:105,0,QmOVmzn3nbrYMKnCLVxbOA
DA:108,0,xccU1X34hUCWL8j/py1urg
DA:109,0,aZD826HVO7M6t5dK9atuKw
DA:111,0,GkDWqqtbbQB8VwhrEj0q3g
DA:112,0,8vq6n1VUBAXCpXQpcPathg
DA:114,0,9ZcEDtgNLe+js6QX6dVNSQ
DA:115,0,J4zieZhmdjwpvSKXcch/bA
DA:118,0,KeAm/guMLcehgKUXyoWgOQ
DA:119,0,qgQySsIA/+ZWMNuIKUAyXg
DA:121,0,QFW1CdNRbdjqEAKvVH/XpQ
DA:122,0,pkuvuXu/wcMcUPLKaxFT6w
DA:123,0,RFePJ7uvSgtSM2+1llifPA
DA:125,0,622zzmqkMib0DPVUmUIV9A
DA:126,0,7vWmmm8MJRaexcIhvncfZw
DA:128,0,gqLjF4syor8ZFBZQAM4/Mg
DA:129,0,d4tfGDFM1Tsful+35ZyEpg
DA:131,0,gAu0QpCkqrNkEJtuqvQf1Q
DA:132,0,pkuvuXu/wcMcUPLKaxFT6w
DA:133,0,Yxcp8GDlMAtG0kG7Crbj6A
DA:135,0,1rxbdUB59F4qiL3m0vrHAw
DA:136,0,Vk2MCh9W0HBbHN05KS4R6Q
DA:138,0,FvfuuWWBP9U7LzkrgMNXYA
DA:139,0,qaZLZgWlpLdAeuO5fl0eJg
DA:141,0,Fcm6QfiifYLcLKsHPKAzTA
DA:142,0,pkuvuXu/wcMcUPLKaxFT6w
DA:143,0,6CGJ/AFjAkoG8Upun6SzJQ
DA:145,0,a0Zy+h0G59uMO4GLqYvLGw
DA:150,0,0Ck6fCG51hptfNOjPg3oMw
DA:152,0,IkwTny4amGaOvMwNoGvRKw
DA:153,0,vNjn2LcfbloSvToowMT6TA
DA:154,0,6bFicZD+L0Ojjc6SeLXBFQ
DA:157,0,AdKdVhL22VlRVOt2y9ZHEQ
DA:159,0,f1hD7aBQZxWuyyAuX3HEWQ
DA:161,0,a6LzWpwwPqXWanvIgO4/eQ
DA:162,0,pkuvuXu/wcMcUPLKaxFT6w
DA:163,0,tJ9XETHhgrM1MFL6KXeeow
DA:166,0,xyOiy9X/1YrjVexS9YEq0w
DA:169,0,i1MF4TVmk/OdwDNzeGl0fw
DA:170,0,S8TH8xvCZ3d4fjPYiqsAtA
DA:172,0,nuswkeDeVpYk1KRkfNGUkQ
DA:176,0,/AIYquzkSasUSHZCOgxbyg
DA:177,0,NyLAISLjLO9Igoo2dq9EIw
DA:186,0,He+N01uvnnXEjsbV66cufg
DA:187,0,2uTDEPHmuvdpczazn78kYg
DA:189,0,XzHeQzAiPm0kQ7edgsRrgg
DA:190,0,TrE+9Mjaw3xtm0KKNCSDFg
DA:192,0,Ho1332nJgjaMRHwYoLvLCg
DA:193,0,hfvnPBYlhYKEgskUEnHhUw
DA:195,0,ZaPBJyy03Wtsk0c17L+aWg
DA:196,0,gPJRdlyY3K8Q8eXdim1Y7Q
DA:198,0,c6CJ9u2NIx14AMatBrOzag
DA:199,0,LmOEpHQHh05Oy1fupF4isQ
DA:201,0,Ik6JJQyYXR6CFnrebZSN3A
DA:202,0,xmTlYl8DSNf0aENHQFO8Xw
DA:204,0,hWIuzeo4LjSk2dFeJx6KkA
DA:205,0,pkuvuXu/wcMcUPLKaxFT6w
DA:206,0,ogGJIthqqbVbfER+6RbGDg
DA:208,0,HCU6MZkNDsc5TnLPUmPjgQ
DA:209,0,1fWxrNRs8GxtQZozdTScFg
DA:211,0,lwvc9rseT/s4Vrcy4DeyXA
DA:212,0,X+meqGm6KOEgPNKK+MrZtw
DA:214,0,w6/tueCZqcd0Pc2h8osqgg
DA:215,0,X0vMx6lDh7blgk9jGaXBIg
DA:217,0,rx78iiO7vdS+Ehb61TipAg
DA:218,0,vYAOL5MRjesewSR/MNrWbA
DA:220,0,xisKyxuZL4nT2MyVbhEqxQ
DA:221,0,pV/OTtmDqF5akLZN5LBfCQ
DA:223,0,3Hj7u7LMW+/a9+0qwUZm7w
DA:224,0,7AbJ8YC/gTAArw7xX1tobg
DA:226,0,gvk/1RTqQXm5qwo0f4tuZg
DA:227,0,nPC+r5Scdq7X2XEeWMQxoQ
DA:229,0,3QA8SjXVQpFeEXde2u09Ug
DA:230,0,A2C6aa6myQsUYVzojZaO3Q
DA:232,0,cTId3uHRPD4QtKpORT9R8A
DA:233,0,pkuvuXu/wcMcUPLKaxFT6w
DA:234,0,g7x8OxVmxHj17wpoLo6whg
DA:236,0,iRVS3KKGq4SQau3YlZBE8g
DA:237,0,pkuvuXu/wcMcUPLKaxFT6w
DA:238,0,NtzCECuv0NFt5cDzPgY5eQ
DA:240,0,4JIA4wmqs0ptUkYnUNJo1Q
DA:241,0,A+KDOMjfYmTsvRnbp69E5A
DA:243,0,9J5ohlJyWdd84aNdSrad9w
DA:244,0,Q8xDDhobwOxZTAbAkphxJg
LF:154
LH:38
end_of_record
TN:
SF:/snap/pycharm-professional/401/plugins/python/helpers/pycharm/teamcity/pytest_plugin.py
DA:46,1,6fatmizSfsNHZPAgnMc/vg
DA:48,1,QheDgWmmCrl8G4Bp1jdwPQ
DA:51,1,4NQXycS7m5IOQe6WN159uQ
DA:53,1,ZbSLwHNyeGmAJHKW76YtIA
DA:54,1,PSWKE3wiakn7bhyIapeVqw
DA:55,1,5UAOav3jQXIUQ9XCvstwwg
DA:56,1,Id7VmOeF6kIBSDyccsLDjA
DA:58,1,FV5gVqERDf9bFGZ/8IdXKg
DA:59,1,5vRVGLWVUqfqoboGk11Hcw
DA:65,1,k0XuY4dWJb0DBfGvhXtApw
DA:76,1,3UDrUuQZM5Umz2uCsAlQIA
DA:77,1,IIeHfW+RYIFw18NYIay2Gw
DA:80,1,Vzwjc1xC6K4uWOujezBr1A
DA:85,1,WX/K4ACmzFCzY6omK22TtQ
DA:86,1,PmqCui99kx0CQvRrfQnPNQ
DA:87,1,1VOFABjk2Bk5GiuKqhoYAw
DA:89,1,H6vp9er1g1qRHR8n1HkmuQ
DA:90,1,ciexr16mMJVWaQ48gGUNug
DA:91,1,evljtxuJ5h7wUIRV3BaY6g
DA:93,1,IfDiReGpRsjRgJwkNjlxVg
DA:94,1,wSj198zxboETfUkTiVh3xw
DA:95,1,nKis8w7qVAq1/yIlnHkDFA
DA:98,1,2FWyO2m7nczDAQ3MvQu2iQ
DA:101,1,vntCTXy9iAgYZRiVpL+YQQ
DA:105,1,O0uSF417QVEJnrb5+2yXMg
DA:112,1,XOb1D6n55B47knSkETMl8A
DA:113,1,XdwCEz6+xdsd6M5f5bsCHQ
DA:117,1,TikChrQLOAcQQV9c0RoKrA
DA:121,1,apkQQtiiE4JOuDIBvLOUjQ
DA:124,1,74ws6UXe2SWVeZJBZ2EDQg
DA:126,1,PmotNCu4Wgl1hQJpeZ/2eQ
DA:129,1,9P4mc/sHi7lqq2nM3U+Img
DA:131,1,QieZLy7WPOMs4wUz2KsxEQ
DA:132,1,JubO+2JkZo0PcSzTKJ0ahw
DA:133,1,Vp1CbRiM7YYYV53nJeTiMw
DA:135,1,7GKdLh/LK4px3kDiQ3tvAg
DA:137,1,mQ613pAZ3occuO9pGtjD+g
DA:138,1,8J8bMkK8HTltSUzlxpCbRw
DA:147,1,OtRaz3TZDQWjWWyZB/IVgA
DA:149,1,65L3zG/86jKj79fUL5wBKg
DA:150,1,2RFeUgkYX6y3qftNgG1AHg
DA:151,1,NAuareP+YJbSn65zpZmYbg
DA:153,1,O0SVRV9VRYlfaw6AvqdxIA
DA:157,1,WWxbTzevbopufh26yQckLw
DA:160,1,UdKftMX8xQ/+dvXlDnZ6eg
DA:161,1,YzFunC5VlXEz+frn32J5sA
DA:165,1,s6ZYJEmYcqp75aOabblMxw
DA:181,1,ENAG+H+9X5DWzSfWJt8wZA
DA:182,1,zG3lPX1nc9f7+nO3v8KhKg
DA:183,1,4OJaajMtovlwciVjLfAu2Q
DA:186,1,DpT8STEip0BYWnXDDLB++g
DA:187,1,KrnDcDIxRD77tPiJg+fm5A
DA:196,1,R8Gd7vQYzBFtpXcwbiGlig
DA:211,1,g2ELqzyfy5M+4Weaf3evLQ
DA:212,1,8WTzSosV+P9+1EEfo6R19A
DA:215,1,4KQIVQSstVh6O5LEmg+hZg
DA:218,1,FrCI0YywyJs5SLrgtG9DAA
DA:220,1,WseKDVwDWjm47GoViyHaVg
DA:221,1,LihPZk3rLYWTgwRFmszX7Q
DA:223,1,t9TBsh/vHhMoBY+jiQvi2Q
DA:224,1,AaxaihTOSnS+bj/ZVdDrog
DA:225,1,oQsYRri2Ff3aF85kUMQajw
DA:227,1,TjFnyxCu08fj3CbmJ9f6yw
DA:228,1,xjcDBnSwra0OiNOAYAwoHA
DA:229,1,h2NLWD9y/7gcmvMstkprTw
DA:242,1,o7tvNiq40uwo8eP+lY5kyg
DA:243,1,B+ZJQ8zBxPMiDZhsnR0Fag
DA:245,1,OyXbamsLYCVNwxDdnfPZGg
DA:246,1,F3xxN9i2pQH8J43gXewtaw
DA:247,1,WAyaUCdwDjeMRE0lbkMYfA
DA:249,1,xcPBUausb9F3OW3R6Deaww
DA:265,1,PamH17p6ZWwTWvIdVk7LKg
DA:266,1,ralXsppEfWq6F0EQfCO4Gw
DA:325,1,Vyb2SfAbmajoELxhi4GonQ
DA:327,1,QBkEuUOX6GPgcUATwU6EwA
DA:328,1,OSptqiBmLyHnMtYgql+4iw
DA:329,1,ce9aucrtCwCJbMHqhkDF2w
DA:14,0,7Z9Lj4ed27Wf2hBX6jooEA
DA:15,0,p7hNY1S5rX9QtYADf+cK4g
DA:16,0,mUDsnWRiqW9R9nTILGKIZg
DA:17,0,8/DPjtWdo8z1/SINFFKe8w
DA:18,0,w4wzKKlLBqr27YH2UrIkBQ
DA:20,0,+1y7RDhX8BEAxMD7S+aYtg
DA:21,0,3XquRTVyaCy4HH2RZ+IaZQ
DA:22,0,9PCq4dcLgMiHybJ7dZx95Q
DA:23,0,p0AlpS1qrMPOE9n2SRZzSg
DA:25,0,wCosd4gCrK6cRVSOnNuueQ
DA:26,0,FF8qf+mHsaO3ndW2U65vhQ
DA:29,0,bMzegyxHFAKp/TGkB8Carg
DA:30,0,jJXWEYkuqX7Pc7lX74FDWw
DA:32,0,eaKu2nUe1WMH2mfxumw4iw
DA:34,0,1hdCgdReP5bjXkofC+FEOA
DA:36,0,9Dj4QYfDl5C6/uyEokBS1Q
DA:38,0,rfdt6H40Onp7LvoibbjLxg
DA:39,0,YS6mjPPqZcWOrVhQsIwjgg
DA:41,0,KTbATq13ZjZLA1tE6xyXMw
DA:42,0,zS21J9MebQhUM9nZ1oNRbg
DA:45,0,8Td2QPFWQMuK21qGy4PjVA
DA:47,0,I31DS32kVPWq7rHyFSS42g
DA:49,0,1KdHaElRn1qiEBOM2CGcMw
DA:68,0,W7bi0r9Lvp0AII1dZK7uFg
DA:69,0,GRb4205f9sFyad/rANi5Ow
DA:70,0,CvlDtD/NvQi1oj+a7LrpoA
DA:71,0,RCFdKO0lsHn7qrAixTvlYQ
DA:72,0,wO62NwEcWnzHf44WUEUmzg
DA:75,0,xn9OZ2e3C92UuWhtx7MjNw
DA:78,0,apkQQtiiE4JOuDIBvLOUjQ
DA:83,0,ImsRZVnyA704B7Xbm9w3kA
DA:84,0,yhaHZUksqg0/ISXtI3W5RQ
DA:97,0,irq2FGNS06qu8JFNe2lQeA
DA:99,0,Dwjd91USmMoWKfkSCVg/jg
DA:102,0,wISxwT2z4Leuyq3m3XUQOw
DA:103,0,bRpQ3LIren/5ewmwjQIhow
DA:106,0,g2F08kNQEeiN+DHkFEX8RQ
DA:107,0,aUPCDEO/eRf2f3RaxJbBSQ
DA:108,0,MvRvPGxXR1XzElXxrIVElA
DA:110,0,o3tvXWry8InH8op2xhNe4Q
DA:114,0,oLhpFPW50uOkEVkF5Tn89Q
DA:115,0,zhXWgHp2zV8XW56txEMd6A
DA:118,0,N6qrvaYai/koJu2XwzAQaQ
DA:119,0,yx6Ow6YHb1OZNG3SWE3e9Q
DA:123,0,cSi3FoJjfcs5q50hWTIVnQ
DA:127,0,aKZPbLghfghgzGTYzr9YPQ
DA:140,0,+cdB6atglqkpkI/uij1lLw
DA:141,0,aX9t4YTH766XzrK5JFdnJQ
DA:142,0,9PdnqpEowP97clfaSj+Wug
DA:143,0,524TC8csE5GvmWBtBTHDJQ
DA:144,0,GcvsR6jfosLWziNkpSmPfA
DA:145,0,+dxKZqNqGplzx+FVkI2pKg
DA:154,0,4Zm3HB2WahPTREdaZ43BgQ
DA:155,0,Au5/Q3dRCXPDfPp8Oc9L+g
DA:159,0,x9T+UXcsxiQY6ubP28WwJg
DA:162,0,Ki2DjELTqL9LUqESB6k60w
DA:164,0,vmgAMYfSqILPE/eVK0KXHg
DA:167,0,bIcze/DLX5uhUZp8THu2tw
DA:171,0,5Ark9oSwmW5bJIe38YRQKQ
DA:172,0,cI/DxxqptUEfBkwUGPMNJg
DA:173,0,SlQCKE0QucuvlZQLD4G02w
DA:174,0,whsHCPryAePE04RdCvAJQw
DA:176,0,FgMCP6w1TVY0+MoB/ElnpQ
DA:177,0,J721wwK0KmCc4bLWFlUGOg
DA:178,0,9jQC4p9xc5A2Sgft4zzl/A
DA:180,0,Q+1Q2XsJoJHnIkfMOeUH3g
DA:185,0,+Q5A/aaDMQ4JFB2Byf/snQ
DA:189,0,DGC6sJLZdwSAcYtPQJKcLQ
DA:190,0,R8Gd7vQYzBFtpXcwbiGlig
DA:191,0,vVOKkbhERfWXRLrkV3DeOQ
DA:192,0,n05AfdIFALNK7eRaTWeHow
DA:193,0,W/g8GJDAYJkSSurt59Mzfw
DA:195,0,j93PSDYO+WUjgPCI+b30bg
DA:200,0,4q7ERuCmxpOC2TLFKKJjUw
DA:201,0,HRmYgrUgQRrlHMAQ7gWdXQ
DA:202,0,zD6sgqN691ysOxh3HfeIig
DA:203,0,HRmYgrUgQRrlHMAQ7gWdXQ
DA:205,0,LK6hdLSnRO/5I0TrO5NK0g
DA:206,0,oT1Bihw4fy24mwk9MRtl8g
DA:207,0,rgssiPEFrM+FdqOp5Ll5Xg
DA:208,0,qQ5PHlHV5xWxl16VsC1GaQ
DA:210,0,aLY0MwJcpOjkZgADL0omIQ
DA:214,0,lRv89Lhcbj46olSjgUPT9w
DA:216,0,EKUKSgDew22VbzOtmPeCbA
DA:230,0,bzFQq+4oLuErl+JZkqwNYQ
DA:232,0,0+r7sd5dYy2zWTcyFlAz1w
DA:233,0,OO8TqimS5ueQr0+pCFeMyA
DA:234,0,/sSh0HXVsy8H0qZLcNvA6Q
DA:236,0,sjn/hMVtRsyQiQqzxi+xWg
DA:237,0,Yjx8c84Kbe9ojLcBYq9q/g
DA:238,0,YrnDlnwL6gcsvMgIB3liIA
DA:239,0,y1VQwxpH0BaTe2zlpGBsXw
DA:240,0,pr1NoAn06fbmlSKx/hL7EQ
DA:241,0,ArNs2ar924/GYMB1u5uTwQ
DA:251,0,SM9qrp3FUlAzTWVSJtcP+w
DA:252,0,Ul7Z58pueV8HBdqUPp8gzg
DA:256,0,u1zSTV9w6V3yUXMAm9bL/w
DA:257,0,fPUR5jnQ9Wh/DBX7jiaO0w
DA:258,0,4BmpgX/66NW76gOC1T8feQ
DA:259,0,0DSZTMW6e0zmijypBh3sdg
DA:260,0,UYbvp18ruIQww1XcNAxl1A
DA:268,0,SG8LgRQQd07hvUx9ZgV7og
DA:269,0,egalf+/zpenSJPeAHtWxsg
DA:270,0,hl03BnjcYkCNmbPL6Ib3ZQ
DA:272,0,Ym0GHWHo1gpTuilUG1AgOA
DA:274,0,4KQIVQSstVh6O5LEmg+hZg
DA:275,0,EKUKSgDew22VbzOtmPeCbA
DA:277,0,FrCI0YywyJs5SLrgtG9DAA
DA:279,0,t9TBsh/vHhMoBY+jiQvi2Q
DA:280,0,p9FnkMbxt/ZvNozDQR4KXQ
DA:281,0,T9FDGbUZ3Iv0ZmaWYWK3rA
DA:282,0,ralXsppEfWq6F0EQfCO4Gw
DA:284,0,+orIWuDPi4mX94+xTCiGmg
DA:285,0,sSZ8H57QBbS+vFqeH3eUtg
DA:287,0,+Fj3WKtyGPCiYwaS+LHowQ
DA:291,0,Yn5mulnKYStKvl2HVKd2tA
DA:293,0,1OHLJrCYmxutEdVq8tHU5g
DA:295,0,aM5AVka311ND9mNAcgSPRw
DA:297,0,WCZgwbCTN3DhF3jbXxqzjg
DA:298,0,Kj/SBWWW/g3ha96Z4rjlxA
DA:299,0,I+bZXJt+ibYJ68Z38xFT6g
DA:300,0,miiJaOoOaThToD/Hatkd2g
DA:301,0,8+8Qc2IXntSWE2MkBrvH0A
DA:303,0,MzCzIWI3YPu8LI/ASYrz4Q
DA:304,0,KAX7lEe1shPcqSvojm+9Lw
DA:305,0,I3p+uhd6wjSgGpMR4Z9ABQ
DA:306,0,miiJaOoOaThToD/Hatkd2g
DA:307,0,SJXEwU10juEvgliLHP+Z1w
DA:308,0,jmGHeP/aG0xz5I5m4hpO2w
DA:309,0,WCZgwbCTN3DhF3jbXxqzjg
DA:310,0,IdgxMZb9Tlq8o8HjgqBI9A
DA:311,0,gsKaiSfec6vUwpK3oGQM4g
DA:312,0,cK0YHbMlbJBQYuJ0vn5eWQ
DA:313,0,ZUNoZFuSZ3P7nBiJDm2zyw
DA:314,0,miiJaOoOaThToD/Hatkd2g
DA:315,0,EMClrPa6bGarzFhoFMFj3Q
DA:317,0,dR19+F7SKmGKdAAiRHVZyw
DA:318,0,yoZ7xm8HHLT9oVG2xT7F3A
DA:320,0,YrSZaZwiWNo0HVBsaF4PUA
DA:321,0,ce9aucrtCwCJbMHqhkDF2w
DA:322,0,Mgw1qruagnOL5HNlHy9r2g
DA:324,0,KRhf1KVJRz6o0kYVYYvL/Q
DA:330,0,Mgw1qruagnOL5HNlHy9r2g
DA:332,0,H+8MTG5XFfOE2ggjTo1moA
DA:333,0,U6sZp7tsAv1/TStKFahf6w
DA:334,0,xvWIcpcyNr0gyGcTkdMxXw
DA:335,0,AIxYFy1D54NMC9HXsK71+w
DA:336,0,Pkwsntebe693LwjKD9saWA
DA:337,0,70vm7QvmP4NsB29xu0Dblg
DA:338,0,dvXR/7srzrb/VgePZfNx5A
DA:340,0,t0buxj9S8FAyDiRw82LjSw
DA:341,0,/N9T3zbgR6AeiZ1dhD1DrQ
DA:342,0,3VQfD8sf+y4UCPM7pPN8bA
DA:344,0,MEO8dUfnJ78yBO0RjZsHVw
DA:345,0,0rr4K6eZZn56gfizdoGorw
DA:346,0,Uk1iEqLYWHwxE4nbWtF0CQ
DA:347,0,Tv2FLzLq7LEenVh6SXcsBg
DA:348,0,lOemqfTsYF9MC0O7X48DVw
DA:350,0,0UtnbVphGADsF3HLb8Y3kQ
DA:352,0,6rfX974EFZLtBAToUIrJAw
DA:354,0,Wty8ir9EhVhH5+J0snXcRA
DA:355,0,hz5psjKmw7pzIgBOHBa8VA
DA:356,0,l/HKQv06f+jbDtYHkxapwA
DA:357,0,XiRoy/aKtWIu8AYgXcU9/Q
DA:359,0,oO8zRN0aneOVQzAcTNSTvw
DA:360,0,vtg6VjXh/xPI9AMKh+BwbQ
DA:362,0,EjyBHOc+J50VyGM7i5DPHA
DA:364,0,rj3i0U1eTFr7/48vVz8Mlw
DA:365,0,h92T5YLXtsE/kDfEPEr30A
DA:367,0,a8gtK7PYCH5gmErvPoIVdw
DA:368,0,aYqLOIfO/WYKS0i+v8KCUw
DA:370,0,ZuMaRi7HV1nlxftRhi/CXw
DA:371,0,lsp/3av5osc/bI6D7WHF1w
DA:372,0,gzhmWBSOKwAi+4slER57HA
DA:374,0,gW26YhCPvEiIAgArR5NnYQ
DA:375,0,Z33RQbLR2EmaqQ5zKstovw
DA:377,0,LO+qG2ccTHO4UjAutLS/xQ
DA:378,0,Yrw3qPcDTt16XMflgz6f3Q
DA:380,0,d+PnIJfhC7jugYHbz+5J1g
DA:381,0,gdMEDbh9XCHKiVhoIsrs8Q
DA:382,0,td+59xdxkbMupxU/IFcwUg
DA:384,0,3EADDvGbaGRsYZjtGr974g
DA:386,0,xGAaBr1poQjjOLmubN6Pbg
DA:388,0,zVSF/4J1hBNPVtIiFbbFlg
DA:389,0,EIndIH4lwlrSg+/Lo3GRZA
DA:391,0,hMpkmnMZDKitdpYAuYKp9g
DA:393,0,p+omMVI4cJldqtkRcC5nOg
DA:394,0,kW6O3Gk9sA0RhQD7Eho0jg
DA:395,0,8ZhJTErg+bxsiwW0dKYajA
DA:396,0,wlRgl+tKpuYr1auNyAJngQ
DA:397,0,idCc6ytxH/Xl0uPY1ZEKOw
DA:398,0,MWiFl9Kg2F5Ls+U0U13A9g
DA:399,0,DhRPT+Xy0CO3zJdzGhY56g
DA:400,0,2gjRb0lYHzRmt5FuzTW6mw
DA:401,0,LPtZ6uHpwkKO++oazgXG2g
DA:402,0,OZliGks+1pKlibQRVUk6uA
DA:404,0,ROPwJ2gk1fjRSGCbqPtHEg
DA:405,0,nm4zvegCNaXPTBv++5OnQA
DA:406,0,STzps+u1GFqfnC/UOnKtLg
DA:407,0,OZliGks+1pKlibQRVUk6uA
DA:409,0,u5VJEVV4AYf9e6gdBdO/4w
DA:410,0,1GwYbFS2GcEziI9GA5837A
DA:412,0,UDqade1NXl7Rt1G+v4ao7w
DA:413,0,61bY1Jz/aWcF1gFjQqPuBw
DA:414,0,FUthTyhRzrxpYeImc051eQ
DA:416,0,VP2h6PcReNBxektwroLQRQ
DA:417,0,dOnjhS/XSXzEa28qTHwsOA
DA:418,0,zATwOPoiCuumKdAw7RR3aw
DA:420,0,10/eZ+Xg2q4E/6UZnEOOzw
DA:421,0,3X7Kaws7h99W4p6JKef9xw
DA:422,0,X9AagqPuuD5tt4taFw30tQ
DA:424,0,g56eqwS2EserDYAcmduCgA
DA:425,0,icTZd3mAC9F++/L2/MJeFg
DA:426,0,GK5tWsUkOVLNMQvuuwftLQ
DA:427,0,xxt2do210QY9848vJ7Aztw
DA:432,0,QaDlnvvQxc3EiJGb0gsoTg
LF:293
LH:77
end_of_record
